<?xml version="1.0" encoding="UTF-8"?>
<!-- Generated by org.testng.reporters.JUnitXMLReporter -->
<testsuite hostname="EYALKOPEL-LT" name="TestIOS3" tests="1" failures="1" timestamp="14 Feb 2018 06:31:26 GMT" time="513.933" errors="0">
  <testcase name="test" time="504.505" classname="mavenTest.seleniumTest">
    <failure type="org.openqa.selenium.NoSuchWindowException" message="Unable to get browser
Build info: version: &amp;apos;3.6.0&amp;apos;, revision: &amp;apos;439897c&amp;apos;, time: &amp;apos;2018-01-17T07:43:37.898Z&amp;apos;
System info: host: &amp;apos;EYALKOPEL-LT&amp;apos;, ip: &amp;apos;172.16.20.23&amp;apos;, os.name: &amp;apos;Windows 10&amp;apos;, os.arch: &amp;apos;x86&amp;apos;, os.version: &amp;apos;10.0&amp;apos;, java.version: &amp;apos;1.8.0_74&amp;apos;
Driver info: driver.version: unknown
Command duration or timeout: 462 milliseconds
Build info: version: &amp;apos;2.53.1&amp;apos;, revision: &amp;apos;a36b8b1cd5757287168e54b817830adce9b0158d&amp;apos;, time: &amp;apos;2016-06-30 19:26:09&amp;apos;
System info: host: &amp;apos;EYALKOPEL-LT&amp;apos;, ip: &amp;apos;192.168.2.125&amp;apos;, os.name: &amp;apos;Windows 10&amp;apos;, os.arch: &amp;apos;amd64&amp;apos;, os.version: &amp;apos;10.0&amp;apos;, java.version: &amp;apos;1.8.0_131&amp;apos;
Driver info: org.openqa.selenium.remote.RemoteWebDriver
Capabilities [{proxy={}, acceptInsecureCerts=false, browserVersion=11, se:ieOptions={nativeEvents=true, browserAttachTimeout=0, ie.ensureCleanSession=false, elementScrollBehavior=0, enablePersistentHover=true, ie.browserCommandLineSwitches=, ie.forceCreateProcessApi=false, requireWindowFocus=false, initialBrowserUrl=http://localhost:31350/, ignoreZoomSetting=false, ie.fileUploadDialogTimeout=3000, ignoreProtectedModeSettings=false}, timeouts={implicit=0, pageLoad=300000, script=30000}, browserName=internet explorer, pageLoadStrategy=normal, unhandledPromptBehavior=dismiss, platformName=windows, setWindowRect=true, platform=ANY}]
Session ID: a6640a37-cd06-485d-bd98-c3dca364017a">
      <![CDATA[org.openqa.selenium.NoSuchWindowException: Unable to get browser
Build info: version: '3.6.0', revision: '439897c', time: '2018-01-17T07:43:37.898Z'
System info: host: 'EYALKOPEL-LT', ip: '172.16.20.23', os.name: 'Windows 10', os.arch: 'x86', os.version: '10.0', java.version: '1.8.0_74'
Driver info: driver.version: unknown
Command duration or timeout: 462 milliseconds
Build info: version: '2.53.1', revision: 'a36b8b1cd5757287168e54b817830adce9b0158d', time: '2016-06-30 19:26:09'
System info: host: 'EYALKOPEL-LT', ip: '192.168.2.125', os.name: 'Windows 10', os.arch: 'amd64', os.version: '10.0', java.version: '1.8.0_131'
Driver info: org.openqa.selenium.remote.RemoteWebDriver
Capabilities [{proxy={}, acceptInsecureCerts=false, browserVersion=11, se:ieOptions={nativeEvents=true, browserAttachTimeout=0, ie.ensureCleanSession=false, elementScrollBehavior=0, enablePersistentHover=true, ie.browserCommandLineSwitches=, ie.forceCreateProcessApi=false, requireWindowFocus=false, initialBrowserUrl=http://localhost:31350/, ignoreZoomSetting=false, ie.fileUploadDialogTimeout=3000, ignoreProtectedModeSettings=false}, timeouts={implicit=0, pageLoad=300000, script=30000}, browserName=internet explorer, pageLoadStrategy=normal, unhandledPromptBehavior=dismiss, platformName=windows, setWindowRect=true, platform=ANY}]
Session ID: a6640a37-cd06-485d-bd98-c3dca364017a
	at org.openqa.selenium.remote.ErrorHandler.createThrowable(ErrorHandler.java:206)
	at org.openqa.selenium.remote.ErrorHandler.throwIfResponseFailed(ErrorHandler.java:158)
	at org.openqa.selenium.remote.RemoteWebDriver.execute(RemoteWebDriver.java:678)
	at org.openqa.selenium.remote.RemoteWebElement.execute(RemoteWebElement.java:327)
	at org.openqa.selenium.remote.RemoteWebElement.click(RemoteWebElement.java:85)
	at mavenTest.seleniumTest.test(seleniumTest.java:58)
	at java.util.concurrent.FutureTask.run(FutureTask.java:266)
	at java.util.concurrent.ThreadPoolExecutor.runWorker(ThreadPoolExecutor.java:1142)
	at java.util.concurrent.ThreadPoolExecutor$Worker.run(ThreadPoolExecutor.java:617)
	at java.lang.Thread.run(Thread.java:748)
Caused by: org.openqa.selenium.NoSuchWindowException: Unable to get browser
Build info: version: '3.6.0', revision: '439897c', time: '2018-01-17T07:43:37.898Z'
System info: host: 'EYALKOPEL-LT', ip: '172.16.20.23', os.name: 'Windows 10', os.arch: 'x86', os.version: '10.0', java.version: '1.8.0_74'
Driver info: driver.version: unknown
Build info: version: '2.53.1', revision: 'a36b8b1cd5757287168e54b817830adce9b0158d', time: '2016-06-30 19:26:09'
System info: host: 'EYALKOPEL-LT', ip: '192.168.2.125', os.name: 'Windows 10', os.arch: 'amd64', os.version: '10.0', java.version: '1.8.0_131'
Driver info: driver.version: unknown
... Removed 20 stack frames]]>
    </failure>
  </testcase> <!-- test -->
</testsuite> <!-- TestIOS3 -->
