<?xml version="1.0" encoding="UTF-8"?>
<testng-results skipped="0" failed="0" total="1" passed="1">
  <reporter-output>
  </reporter-output>
  <suite name="Default suite" duration-ms="55124" started-at="2018-04-25T07:52:08Z" finished-at="2018-04-25T07:53:04Z">
    <groups>
    </groups>
    <test name="Default test" duration-ms="55124" started-at="2018-04-25T07:52:08Z" finished-at="2018-04-25T07:53:04Z">
      <class name="mavenTest.seleniumTest">
        <test-method status="PASS" signature="setUp(java.lang.String)[pri:0, instance:mavenTest.seleniumTest@4b952a2d]" name="setUp" is-config="true" duration-ms="4797" started-at="2018-04-25T10:52:08Z" finished-at="2018-04-25T10:52:13Z">
          <params>
            <param index="0">
              <value>
                <![CDATA[chrome]]>
              </value>
            </param>
          </params>
          <reporter-output>
          </reporter-output>
        </test-method> <!-- setUp -->
        <test-method status="PASS" signature="test()[pri:0, instance:mavenTest.seleniumTest@4b952a2d]" name="test" duration-ms="50294" started-at="2018-04-25T10:52:13Z" finished-at="2018-04-25T10:53:04Z">
          <reporter-output>
          </reporter-output>
        </test-method> <!-- test -->
        <test-method status="PASS" signature="tearDown()[pri:0, instance:mavenTest.seleniumTest@4b952a2d]" name="tearDown" is-config="true" duration-ms="1" started-at="2018-04-25T10:53:04Z" finished-at="2018-04-25T10:53:04Z">
          <reporter-output>
          </reporter-output>
        </test-method> <!-- tearDown -->
      </class> <!-- mavenTest.seleniumTest -->
    </test> <!-- Default test -->
  </suite> <!-- Default suite -->
</testng-results>
